<?xml version="1.0" encoding="UTF-8"?>
<testsuite name="com.devbhc.book.springboot.web.HelloControllerTest" tests="2" skipped="0" failures="0" errors="0" timestamp="2021-10-13T08:53:30" hostname="devbhc.local" time="0.307">
  <properties/>
  <testcase name="hello가_리턴된다" classname="com.devbhc.book.springboot.web.HelloControllerTest" time="0.231"/>
  <testcase name="helloDto가_리턴된다" classname="com.devbhc.book.springboot.web.HelloControllerTest" time="0.075"/>
  <system-out><![CDATA[17:53:13.433 [Test worker] DEBUG org.springframework.test.context.junit4.SpringJUnit4ClassRunner - SpringJUnit4ClassRunner constructor called with [class com.devbhc.book.springboot.web.HelloControllerTest]
17:53:13.443 [Test worker] DEBUG org.springframework.test.context.BootstrapUtils - Instantiating CacheAwareContextLoaderDelegate from class [org.springframework.test.context.cache.DefaultCacheAwareContextLoaderDelegate]
17:53:13.455 [Test worker] DEBUG org.springframework.test.context.BootstrapUtils - Instantiating BootstrapContext using constructor [public org.springframework.test.context.support.DefaultBootstrapContext(java.lang.Class,org.springframework.test.context.CacheAwareContextLoaderDelegate)]
17:53:13.479 [Test worker] DEBUG org.springframework.test.context.BootstrapUtils - Instantiating TestContextBootstrapper for test class [com.devbhc.book.springboot.web.HelloControllerTest] from class [org.springframework.boot.test.autoconfigure.web.servlet.WebMvcTestContextBootstrapper]
17:53:13.501 [Test worker] INFO org.springframework.boot.test.autoconfigure.web.servlet.WebMvcTestContextBootstrapper - Neither @ContextConfiguration nor @ContextHierarchy found for test class [com.devbhc.book.springboot.web.HelloControllerTest], using SpringBootContextLoader
17:53:13.504 [Test worker] DEBUG org.springframework.test.context.support.AbstractContextLoader - Did not detect default resource location for test class [com.devbhc.book.springboot.web.HelloControllerTest]: class path resource [com/devbhc/book/springboot/web/HelloControllerTest-context.xml] does not exist
17:53:13.504 [Test worker] DEBUG org.springframework.test.context.support.AbstractContextLoader - Did not detect default resource location for test class [com.devbhc.book.springboot.web.HelloControllerTest]: class path resource [com/devbhc/book/springboot/web/HelloControllerTestContext.groovy] does not exist
17:53:13.505 [Test worker] INFO org.springframework.test.context.support.AbstractContextLoader - Could not detect default resource locations for test class [com.devbhc.book.springboot.web.HelloControllerTest]: no resource found for suffixes {-context.xml, Context.groovy}.
17:53:13.505 [Test worker] INFO org.springframework.test.context.support.AnnotationConfigContextLoaderUtils - Could not detect default configuration classes for test class [com.devbhc.book.springboot.web.HelloControllerTest]: HelloControllerTest does not declare any static, non-private, non-final, nested classes annotated with @Configuration.
17:53:13.584 [Test worker] DEBUG org.springframework.test.context.support.ActiveProfilesUtils - Could not find an 'annotation declaring class' for annotation type [org.springframework.test.context.ActiveProfiles] and class [com.devbhc.book.springboot.web.HelloControllerTest]
17:53:13.666 [Test worker] DEBUG org.springframework.context.annotation.ClassPathScanningCandidateComponentProvider - Identified candidate component class: file [/Users/devbhc/IdeaProjects/devbhc-springboot2-webservice/build/classes/java/main/com/devbhc/book/springboot/Application.class]
17:53:13.668 [Test worker] INFO org.springframework.boot.test.context.SpringBootTestContextBootstrapper - Found @SpringBootConfiguration com.devbhc.book.springboot.Application for test class com.devbhc.book.springboot.web.HelloControllerTest
17:53:13.671 [Test worker] DEBUG org.springframework.boot.test.autoconfigure.web.servlet.WebMvcTestContextBootstrapper - @TestExecutionListeners is not present for class [com.devbhc.book.springboot.web.HelloControllerTest]: using defaults.
17:53:13.672 [Test worker] INFO org.springframework.boot.test.autoconfigure.web.servlet.WebMvcTestContextBootstrapper - Loaded default TestExecutionListener class names from location [META-INF/spring.factories]: [org.springframework.security.test.context.support.WithSecurityContextTestExecutionListener, org.springframework.security.test.context.support.ReactorContextTestExecutionListener, org.springframework.boot.test.autoconfigure.restdocs.RestDocsTestExecutionListener, org.springframework.boot.test.autoconfigure.web.client.MockRestServiceServerResetTestExecutionListener, org.springframework.boot.test.autoconfigure.web.servlet.MockMvcPrintOnlyOnFailureTestExecutionListener, org.springframework.boot.test.autoconfigure.web.servlet.WebDriverTestExecutionListener, org.springframework.boot.test.mock.mockito.MockitoTestExecutionListener, org.springframework.boot.test.mock.mockito.ResetMocksTestExecutionListener, org.springframework.test.context.web.ServletTestExecutionListener, org.springframework.test.context.support.DirtiesContextBeforeModesTestExecutionListener, org.springframework.test.context.support.DependencyInjectionTestExecutionListener, org.springframework.test.context.support.DirtiesContextTestExecutionListener, org.springframework.test.context.transaction.TransactionalTestExecutionListener, org.springframework.test.context.jdbc.SqlScriptsTestExecutionListener]
17:53:13.696 [Test worker] INFO org.springframework.boot.test.autoconfigure.web.servlet.WebMvcTestContextBootstrapper - Using TestExecutionListeners: [org.springframework.test.context.web.ServletTestExecutionListener@710a4da7, org.springframework.test.context.support.DirtiesContextBeforeModesTestExecutionListener@9852781, org.springframework.boot.test.mock.mockito.MockitoTestExecutionListener@e729fb8, org.springframework.boot.test.autoconfigure.SpringBootDependencyInjectionTestExecutionListener@1906d0ce, org.springframework.test.context.support.DirtiesContextTestExecutionListener@3a42c13c, org.springframework.test.context.transaction.TransactionalTestExecutionListener@1a5b50da, org.springframework.test.context.jdbc.SqlScriptsTestExecutionListener@ce9376, org.springframework.security.test.context.support.WithSecurityContextTestExecutionListener@2f61a301, org.springframework.security.test.context.support.ReactorContextTestExecutionListener@306dcf0, org.springframework.boot.test.autoconfigure.restdocs.RestDocsTestExecutionListener@439b91ca, org.springframework.boot.test.autoconfigure.web.client.MockRestServiceServerResetTestExecutionListener@373affec, org.springframework.boot.test.autoconfigure.web.servlet.MockMvcPrintOnlyOnFailureTestExecutionListener@15e12ba1, org.springframework.boot.test.autoconfigure.web.servlet.WebDriverTestExecutionListener@20b584b1, org.springframework.boot.test.mock.mockito.ResetMocksTestExecutionListener@3fbf54ac]
17:53:13.700 [Test worker] DEBUG org.springframework.test.annotation.ProfileValueUtils - Retrieved @ProfileValueSourceConfiguration [null] for test class [com.devbhc.book.springboot.web.HelloControllerTest]
17:53:13.701 [Test worker] DEBUG org.springframework.test.annotation.ProfileValueUtils - Retrieved ProfileValueSource type [class org.springframework.test.annotation.SystemProfileValueSource] for class [com.devbhc.book.springboot.web.HelloControllerTest]
17:53:13.702 [Test worker] DEBUG org.springframework.test.annotation.ProfileValueUtils - Retrieved @ProfileValueSourceConfiguration [null] for test class [com.devbhc.book.springboot.web.HelloControllerTest]
17:53:13.702 [Test worker] DEBUG org.springframework.test.annotation.ProfileValueUtils - Retrieved ProfileValueSource type [class org.springframework.test.annotation.SystemProfileValueSource] for class [com.devbhc.book.springboot.web.HelloControllerTest]
17:53:13.709 [Test worker] DEBUG org.springframework.test.context.support.AbstractDirtiesContextTestExecutionListener - Before test class: context [DefaultTestContext@2f522be testClass = HelloControllerTest, testInstance = [null], testMethod = [null], testException = [null], mergedContextConfiguration = [WebMergedContextConfiguration@3c308525 testClass = HelloControllerTest, locations = '{}', classes = '{class com.devbhc.book.springboot.Application}', contextInitializerClasses = '[]', activeProfiles = '{}', propertySourceLocations = '{}', propertySourceProperties = '{org.springframework.boot.test.autoconfigure.web.servlet.WebMvcTestContextBootstrapper=true}', contextCustomizers = set[org.springframework.boot.test.autoconfigure.OverrideAutoConfigurationContextCustomizerFactory$DisableAutoConfigurationContextCustomizer@157a9fe8, org.springframework.boot.test.autoconfigure.filter.TypeExcludeFiltersContextCustomizer@2bbb4de, org.springframework.boot.test.autoconfigure.properties.PropertyMappingContextCustomizer@b964327a, org.springframework.boot.test.autoconfigure.web.servlet.WebDriverContextCustomizerFactory$Customizer@2fa9542d, [ImportsContextCustomizer@3629a5e7 key = [org.springframework.boot.autoconfigure.cache.CacheAutoConfiguration, org.springframework.boot.autoconfigure.context.MessageSourceAutoConfiguration, org.springframework.boot.autoconfigure.data.web.SpringDataWebAutoConfiguration, org.springframework.boot.autoconfigure.freemarker.FreeMarkerAutoConfiguration, org.springframework.boot.autoconfigure.groovy.template.GroovyTemplateAutoConfiguration, org.springframework.boot.autoconfigure.gson.GsonAutoConfiguration, org.springframework.boot.autoconfigure.hateoas.HypermediaAutoConfiguration, org.springframework.boot.autoconfigure.http.HttpMessageConvertersAutoConfiguration, org.springframework.boot.autoconfigure.jackson.JacksonAutoConfiguration, org.springframework.boot.autoconfigure.jsonb.JsonbAutoConfiguration, org.springframework.boot.autoconfigure.mustache.MustacheAutoConfiguration, org.springframework.boot.autoconfigure.task.TaskExecutionAutoConfiguration, org.springframework.boot.autoconfigure.thymeleaf.ThymeleafAutoConfiguration, org.springframework.boot.autoconfigure.validation.ValidationAutoConfiguration, org.springframework.boot.autoconfigure.web.servlet.error.ErrorMvcAutoConfiguration, org.springframework.boot.autoconfigure.web.servlet.WebMvcAutoConfiguration, org.springframework.boot.test.autoconfigure.web.servlet.MockMvcAutoConfiguration, org.springframework.boot.test.autoconfigure.web.servlet.MockMvcSecurityAutoConfiguration, org.springframework.boot.test.autoconfigure.web.servlet.MockMvcWebClientAutoConfiguration, org.springframework.boot.test.autoconfigure.web.servlet.MockMvcWebDriverAutoConfiguration]], org.springframework.boot.test.context.filter.ExcludeFilterContextCustomizer@34e02e8f, org.springframework.boot.test.json.DuplicateJsonObjectContextCustomizerFactory$DuplicateJsonObjectContextCustomizer@47f5e00c, org.springframework.boot.test.mock.mockito.MockitoContextCustomizer@0], resourceBasePath = 'src/main/webapp', contextLoader = 'org.springframework.boot.test.context.SpringBootContextLoader', parent = [null]], attributes = map[[empty]]], class annotated with @DirtiesContext [false] with mode [null].
17:53:13.711 [Test worker] DEBUG org.springframework.test.annotation.ProfileValueUtils - Retrieved @ProfileValueSourceConfiguration [null] for test class [com.devbhc.book.springboot.web.HelloControllerTest]
17:53:13.711 [Test worker] DEBUG org.springframework.test.annotation.ProfileValueUtils - Retrieved ProfileValueSource type [class org.springframework.test.annotation.SystemProfileValueSource] for class [com.devbhc.book.springboot.web.HelloControllerTest]
17:53:13.720 [Test worker] DEBUG org.springframework.test.context.support.DependencyInjectionTestExecutionListener - Performing dependency injection for test context [[DefaultTestContext@2f522be testClass = HelloControllerTest, testInstance = com.devbhc.book.springboot.web.HelloControllerTest@3a9fb8a1, testMethod = [null], testException = [null], mergedContextConfiguration = [WebMergedContextConfiguration@3c308525 testClass = HelloControllerTest, locations = '{}', classes = '{class com.devbhc.book.springboot.Application}', contextInitializerClasses = '[]', activeProfiles = '{}', propertySourceLocations = '{}', propertySourceProperties = '{org.springframework.boot.test.autoconfigure.web.servlet.WebMvcTestContextBootstrapper=true}', contextCustomizers = set[org.springframework.boot.test.autoconfigure.OverrideAutoConfigurationContextCustomizerFactory$DisableAutoConfigurationContextCustomizer@157a9fe8, org.springframework.boot.test.autoconfigure.filter.TypeExcludeFiltersContextCustomizer@2bbb4de, org.springframework.boot.test.autoconfigure.properties.PropertyMappingContextCustomizer@b964327a, org.springframework.boot.test.autoconfigure.web.servlet.WebDriverContextCustomizerFactory$Customizer@2fa9542d, [ImportsContextCustomizer@3629a5e7 key = [org.springframework.boot.autoconfigure.cache.CacheAutoConfiguration, org.springframework.boot.autoconfigure.context.MessageSourceAutoConfiguration, org.springframework.boot.autoconfigure.data.web.SpringDataWebAutoConfiguration, org.springframework.boot.autoconfigure.freemarker.FreeMarkerAutoConfiguration, org.springframework.boot.autoconfigure.groovy.template.GroovyTemplateAutoConfiguration, org.springframework.boot.autoconfigure.gson.GsonAutoConfiguration, org.springframework.boot.autoconfigure.hateoas.HypermediaAutoConfiguration, org.springframework.boot.autoconfigure.http.HttpMessageConvertersAutoConfiguration, org.springframework.boot.autoconfigure.jackson.JacksonAutoConfiguration, org.springframework.boot.autoconfigure.jsonb.JsonbAutoConfiguration, org.springframework.boot.autoconfigure.mustache.MustacheAutoConfiguration, org.springframework.boot.autoconfigure.task.TaskExecutionAutoConfiguration, org.springframework.boot.autoconfigure.thymeleaf.ThymeleafAutoConfiguration, org.springframework.boot.autoconfigure.validation.ValidationAutoConfiguration, org.springframework.boot.autoconfigure.web.servlet.error.ErrorMvcAutoConfiguration, org.springframework.boot.autoconfigure.web.servlet.WebMvcAutoConfiguration, org.springframework.boot.test.autoconfigure.web.servlet.MockMvcAutoConfiguration, org.springframework.boot.test.autoconfigure.web.servlet.MockMvcSecurityAutoConfiguration, org.springframework.boot.test.autoconfigure.web.servlet.MockMvcWebClientAutoConfiguration, org.springframework.boot.test.autoconfigure.web.servlet.MockMvcWebDriverAutoConfiguration]], org.springframework.boot.test.context.filter.ExcludeFilterContextCustomizer@34e02e8f, org.springframework.boot.test.json.DuplicateJsonObjectContextCustomizerFactory$DuplicateJsonObjectContextCustomizer@47f5e00c, org.springframework.boot.test.mock.mockito.MockitoContextCustomizer@0], resourceBasePath = 'src/main/webapp', contextLoader = 'org.springframework.boot.test.context.SpringBootContextLoader', parent = [null]], attributes = map[[empty]]]].
17:53:13.891 [Test worker] DEBUG org.springframework.test.context.support.TestPropertySourceUtils - Adding inlined properties to environment: {spring.jmx.enabled=false, org.springframework.boot.test.autoconfigure.web.servlet.WebMvcTestContextBootstrapper=true, server.port=-1}

  .   ____          _            __ _ _
 /\\ / ___'_ __ _ _(_)_ __  __ _ \ \ \ \
( ( )\___ | '_ | '_| | '_ \/ _` | \ \ \ \
 \\/  ___)| |_)| | | | | || (_| |  ) ) ) )
  '  |____| .__|_| |_|_| |_\__, | / / / /
 =========|_|==============|___/=/_/_/_/
 :: Spring Boot ::        (v2.1.7.RELEASE)

2021-10-13 17:53:29.117  INFO 73979 --- [    Test worker] c.d.b.s.web.HelloControllerTest          : Starting HelloControllerTest on devbhc.local with PID 73979 (started by devbhc in /Users/devbhc/IdeaProjects/devbhc-springboot2-webservice)
2021-10-13 17:53:29.121  INFO 73979 --- [    Test worker] c.d.b.s.web.HelloControllerTest          : No active profile set, falling back to default profiles: default
2021-10-13 17:53:30.187  INFO 73979 --- [    Test worker] o.s.s.concurrent.ThreadPoolTaskExecutor  : Initializing ExecutorService 'applicationTaskExecutor'
2021-10-13 17:53:30.274  INFO 73979 --- [    Test worker] o.s.b.a.w.s.WelcomePageHandlerMapping    : Adding welcome page template: index
2021-10-13 17:53:30.635  INFO 73979 --- [    Test worker] .s.s.UserDetailsServiceAutoConfiguration : 

Using generated security password: 778cbeb6-0a93-473c-8a98-df69a0665a4d

2021-10-13 17:53:30.844  INFO 73979 --- [    Test worker] o.s.s.web.DefaultSecurityFilterChain     : Creating filter chain: any request, [org.springframework.security.web.context.request.async.WebAsyncManagerIntegrationFilter@750d2117, org.springframework.security.web.context.SecurityContextPersistenceFilter@6044dd11, org.springframework.security.web.header.HeaderWriterFilter@17b07410, org.springframework.security.web.csrf.CsrfFilter@4cfcff12, org.springframework.security.web.authentication.logout.LogoutFilter@5804aa28, org.springframework.security.web.authentication.UsernamePasswordAuthenticationFilter@72a37843, org.springframework.security.web.authentication.ui.DefaultLoginPageGeneratingFilter@701dc437, org.springframework.security.web.authentication.ui.DefaultLogoutPageGeneratingFilter@473fd09b, org.springframework.security.web.authentication.www.BasicAuthenticationFilter@9d2e1a9, org.springframework.security.web.savedrequest.RequestCacheAwareFilter@582f8ac2, org.springframework.security.web.servletapi.SecurityContextHolderAwareRequestFilter@423b413e, org.springframework.security.web.authentication.AnonymousAuthenticationFilter@34a80fee, org.springframework.security.web.session.SessionManagementFilter@2137f06c, org.springframework.security.web.access.ExceptionTranslationFilter@46781142, org.springframework.security.web.access.intercept.FilterSecurityInterceptor@279afa63]
2021-10-13 17:53:30.883  INFO 73979 --- [    Test worker] o.s.b.t.m.w.SpringBootMockServletContext : Initializing Spring TestDispatcherServlet ''
2021-10-13 17:53:30.884  INFO 73979 --- [    Test worker] o.s.t.web.servlet.TestDispatcherServlet  : Initializing Servlet ''
2021-10-13 17:53:30.895  INFO 73979 --- [    Test worker] o.s.t.web.servlet.TestDispatcherServlet  : Completed initialization in 11 ms
2021-10-13 17:53:30.935  INFO 73979 --- [    Test worker] c.d.b.s.web.HelloControllerTest          : Started HelloControllerTest in 17.035 seconds (JVM running for 18.352)
]]></system-out>
  <system-err><![CDATA[]]></system-err>
</testsuite>
